<?xml version="1.0" encoding="UTF-8"?>
<!-- Generated by org.testng.reporters.JUnitXMLReporter -->
<testsuite hostname="ALISON-HP" ignored="0" name="Test" tests="1" failures="1" timestamp="08 Oct 2018 11:45:44 GMT" time="50.434" errors="0">
  <testcase name="uploadPhotoToEdureka" time="45.825" classname="testcases.Module11CaseStudy">
    <failure type="org.openqa.selenium.TimeoutException" message="Expected condition failed: waiting for presence of element located by: By.linkText: Alison (tried for 30 second(s) with 500 MILLISECONDS interval)">
      <![CDATA[org.openqa.selenium.TimeoutException: Expected condition failed: waiting for presence of element located by: By.linkText: Alison (tried for 30 second(s) with 500 MILLISECONDS interval)
at org.openqa.selenium.support.ui.WebDriverWait.timeoutException(WebDriverWait.java:80)
at org.openqa.selenium.support.ui.FluentWait.until(FluentWait.java:232)
at framework.EdurekaStudentMainPage.clickProfileLink(EdurekaStudentMainPage.java:129)
at testcases.Module11CaseStudy.uploadPhotoToEdureka(Module11CaseStudy.java:65)
Caused by: org.openqa.selenium.NoSuchElementException: Cannot locate an element using By.linkText: Alison
For documentation on this error, please visit: http://seleniumhq.org/exceptions/no_such_element.html
Build info: version: '3.4.0', revision: 'unknown', time: 'unknown'
System info: host: 'ALISON-HP', ip: '10.0.0.242', os.name: 'Windows 7', os.arch: 'amd64', os.version: '6.1', java.version: '1.8.0_161'
Driver info: driver.version: unknown
at org.openqa.selenium.support.ui.ExpectedConditions.lambda$findElement$0(ExpectedConditions.java:883)
at java.util.Optional.orElseThrow(Unknown Source)
at org.openqa.selenium.support.ui.ExpectedConditions.findElement(ExpectedConditions.java:882)
at org.openqa.selenium.support.ui.ExpectedConditions.access$000(ExpectedConditions.java:44)
at org.openqa.selenium.support.ui.ExpectedConditions$6.apply(ExpectedConditions.java:183)
at org.openqa.selenium.support.ui.ExpectedConditions$6.apply(ExpectedConditions.java:180)
at org.openqa.selenium.support.ui.FluentWait.until(FluentWait.java:209)
... 27 more
... Removed 25 stack frames]]>
    </failure>
  </testcase> <!-- uploadPhotoToEdureka -->
</testsuite> <!-- Test -->
